# JRE version: OpenJDK Runtime Environment (8.0_152-b01) (build 1.8.0_152-release-1343-b01)
# Java VM: OpenJDK 64-Bit Server VM (25.152-b01 mixed mode windows-amd64 compressed oops)
Heap:
 PSYoungGen      total 200192K, used 143836K [0x00000000e0000000, 0x00000000ee900000, 0x0000000100000000)
  eden space 193024K, 71% used [0x00000000e0000000,0x00000000e85e6828,0x00000000ebc80000)
  from space 7168K, 93% used [0x00000000eca80000,0x00000000ed110918,0x00000000ed180000)
  to   space 18432K, 0% used [0x00000000ed700000,0x00000000ed700000,0x00000000ee900000)
 ParOldGen       total 116736K, used 48202K [0x00000000a0000000, 0x00000000a7200000, 0x00000000e0000000)
  object space 116736K, 41% used [0x00000000a0000000,0x00000000a2f12a38,0x00000000a7200000)
 Metaspace       used 88296K, capacity 92017K, committed 92328K, reserved 1130496K
  class space    used 11220K, capacity 11892K, committed 11952K, reserved 1048576K
GC Heap History (10 events):
Event: 3878.222 GC heap before
{Heap before GC invocations=20 (full 3):
 PSYoungGen      total 242688K, used 242179K [0x00000000e0000000, 0x00000000f0900000, 0x0000000100000000)
  eden space 231424K, 100% used [0x00000000e0000000,0x00000000ee200000,0x00000000ee200000)
  from space 11264K, 95% used [0x00000000efe00000,0x00000000f0880f60,0x00000000f0900000)
  to   space 17920K, 0% used [0x00000000ee600000,0x00000000ee600000,0x00000000ef780000)
 ParOldGen       total 116736K, used 48162K [0x00000000a0000000, 0x00000000a7200000, 0x00000000e0000000)
  object space 116736K, 41% used [0x00000000a0000000,0x00000000a2f08a38,0x00000000a7200000)
 Metaspace       used 86608K, capacity 90113K, committed 90152K, reserved 1128448K
  class space    used 11175K, capacity 11816K, committed 11824K, reserved 1048576K
Event: 3878.288 GC heap after
Heap after GC invocations=20 (full 3):
 PSYoungGen      total 238080K, used 14342K [0x00000000e0000000, 0x00000000eff00000, 0x0000000100000000)
  eden space 223232K, 0% used [0x00000000e0000000,0x00000000e0000000,0x00000000eda00000)
  from space 14848K, 96% used [0x00000000ee600000,0x00000000ef401bf8,0x00000000ef480000)
  to   space 10752K, 0% used [0x00000000ef480000,0x00000000ef480000,0x00000000eff00000)
 ParOldGen       total 116736K, used 48170K [0x00000000a0000000, 0x00000000a7200000, 0x00000000e0000000)
  object space 116736K, 41% used [0x00000000a0000000,0x00000000a2f0aa38,0x00000000a7200000)
 Metaspace       used 86608K, capacity 90113K, committed 90152K, reserved 1128448K
  class space    used 11175K, capacity 11816K, committed 11824K, reserved 1048576K
}
Event: 4075.321 GC heap before
{Heap before GC invocations=21 (full 3):
 PSYoungGen      total 238080K, used 237574K [0x00000000e0000000, 0x00000000eff00000, 0x0000000100000000)
  eden space 223232K, 100% used [0x00000000e0000000,0x00000000eda00000,0x00000000eda00000)
  from space 14848K, 96% used [0x00000000ee600000,0x00000000ef401bf8,0x00000000ef480000)
  to   space 10752K, 0% used [0x00000000ef480000,0x00000000ef480000,0x00000000eff00000)
 ParOldGen       total 116736K, used 48170K [0x00000000a0000000, 0x00000000a7200000, 0x00000000e0000000)
  object space 116736K, 41% used [0x00000000a0000000,0x00000000a2f0aa38,0x00000000a7200000)
 Metaspace       used 87232K, capacity 90759K, committed 91048K, reserved 1128448K
  class space    used 11180K, capacity 11825K, committed 11952K, reserved 1048576K
Event: 4075.335 GC heap after
Heap after GC invocations=21 (full 3):
 PSYoungGen      total 224768K, used 9444K [0x00000000e0000000, 0x00000000efe00000, 0x0000000100000000)
  eden space 215040K, 0% used [0x00000000e0000000,0x00000000e0000000,0x00000000ed200000)
  from space 9728K, 97% used [0x00000000ef480000,0x00000000efdb9120,0x00000000efe00000)
  to   space 17920K, 0% used [0x00000000edb00000,0x00000000edb00000,0x00000000eec80000)
 ParOldGen       total 116736K, used 48178K [0x00000000a0000000, 0x00000000a7200000, 0x00000000e0000000)
  object space 116736K, 41% used [0x00000000a0000000,0x00000000a2f0ca38,0x00000000a7200000)
 Metaspace       used 87232K, capacity 90759K, committed 91048K, reserved 1128448K
  class space    used 11180K, capacity 11825K, committed 11952K, reserved 1048576K
}
Event: 4089.802 GC heap before
{Heap before GC invocations=22 (full 3):
 PSYoungGen      total 224768K, used 224484K [0x00000000e0000000, 0x00000000efe00000, 0x0000000100000000)
  eden space 215040K, 100% used [0x00000000e0000000,0x00000000ed200000,0x00000000ed200000)
  from space 9728K, 97% used [0x00000000ef480000,0x00000000efdb9120,0x00000000efe00000)
  to   space 17920K, 0% used [0x00000000edb00000,0x00000000edb00000,0x00000000eec80000)
 ParOldGen       total 116736K, used 48178K [0x00000000a0000000, 0x00000000a7200000, 0x00000000e0000000)
  object space 116736K, 41% used [0x00000000a0000000,0x00000000a2f0ca38,0x00000000a7200000)
 Metaspace       used 87767K, capacity 91243K, committed 91560K, reserved 1128448K
  class space    used 11184K, capacity 11829K, committed 11952K, reserved 1048576K
Event: 4089.827 GC heap after
Heap after GC invocations=22 (full 3):
 PSYoungGen      total 221184K, used 13329K [0x00000000e0000000, 0x00000000ef500000, 0x0000000100000000)
  eden space 207360K, 0% used [0x00000000e0000000,0x00000000e0000000,0x00000000eca80000)
  from space 13824K, 96% used [0x00000000edb00000,0x00000000ee804480,0x00000000ee880000)
  to   space 12800K, 0% used [0x00000000ee880000,0x00000000ee880000,0x00000000ef500000)
 ParOldGen       total 116736K, used 48186K [0x00000000a0000000, 0x00000000a7200000, 0x00000000e0000000)
  object space 116736K, 41% used [0x00000000a0000000,0x00000000a2f0ea38,0x00000000a7200000)
 Metaspace       used 87767K, capacity 91243K, committed 91560K, reserved 1128448K
  class space    used 11184K, capacity 11829K, committed 11952K, reserved 1048576K
}
Event: 4172.564 GC heap before
{Heap before GC invocations=23 (full 3):
 PSYoungGen      total 221184K, used 220689K [0x00000000e0000000, 0x00000000ef500000, 0x0000000100000000)
  eden space 207360K, 100% used [0x00000000e0000000,0x00000000eca80000,0x00000000eca80000)
  from space 13824K, 96% used [0x00000000edb00000,0x00000000ee804480,0x00000000ee880000)
  to   space 12800K, 0% used [0x00000000ee880000,0x00000000ee880000,0x00000000ef500000)
 ParOldGen       total 116736K, used 48186K [0x00000000a0000000, 0x00000000a7200000, 0x00000000e0000000)
  object space 116736K, 41% used [0x00000000a0000000,0x00000000a2f0ea38,0x00000000a7200000)
 Metaspace       used 87952K, capacity 91607K, committed 91816K, reserved 1128448K
  class space    used 11201K, capacity 11857K, committed 11952K, reserved 1048576K
Event: 4172.574 GC heap after
Heap after GC invocations=23 (full 3):
 PSYoungGen      total 206336K, used 6034K [0x00000000e0000000, 0x00000000eee80000, 0x0000000100000000)
  eden space 200192K, 0% used [0x00000000e0000000,0x00000000e0000000,0x00000000ec380000)
  from space 6144K, 98% used [0x00000000ee880000,0x00000000eee64928,0x00000000eee80000)
  to   space 18432K, 0% used [0x00000000eca80000,0x00000000eca80000,0x00000000edc80000)
 ParOldGen       total 116736K, used 48194K [0x00000000a0000000, 0x00000000a7200000, 0x00000000e0000000)
  object space 116736K, 41% used [0x00000000a0000000,0x00000000a2f10a38,0x00000000a7200000)
 Metaspace       used 87952K, capacity 91607K, committed 91816K, reserved 1128448K
  class space    used 11201K, capacity 11857K, committed 11952K, reserved 1048576K
}
Event: 4326.128 GC heap before
{Heap before GC invocations=24 (full 3):
 PSYoungGen      total 206336K, used 206226K [0x00000000e0000000, 0x00000000eee80000, 0x0000000100000000)
  eden space 200192K, 100% used [0x00000000e0000000,0x00000000ec380000,0x00000000ec380000)
  from space 6144K, 98% used [0x00000000ee880000,0x00000000eee64928,0x00000000eee80000)
  to   space 18432K, 0% used [0x00000000eca80000,0x00000000eca80000,0x00000000edc80000)
 ParOldGen       total 116736K, used 48194K [0x00000000a0000000, 0x00000000a7200000, 0x00000000e0000000)
  object space 116736K, 41% used [0x00000000a0000000,0x00000000a2f10a38,0x00000000a7200000)
 Metaspace       used 88248K, capacity 92005K, committed 92072K, reserved 1130496K
  class space    used 11219K, capacity 11890K, committed 11952K, reserved 1048576K
Event: 4326.138 GC heap after
Heap after GC invocations=24 (full 3):
 PSYoungGen      total 200192K, used 6722K [0x00000000e0000000, 0x00000000ee900000, 0x0000000100000000)
  eden space 193024K, 0% used [0x00000000e0000000,0x00000000e0000000,0x00000000ebc80000)
  from space 7168K, 93% used [0x00000000eca80000,0x00000000ed110918,0x00000000ed180000)
  to   space 18432K, 0% used [0x00000000ed700000,0x00000000ed700000,0x00000000ee900000)
 ParOldGen       total 116736K, used 48202K [0x00000000a0000000, 0x00000000a7200000, 0x00000000e0000000)
  object space 116736K, 41% used [0x00000000a0000000,0x00000000a2f12a38,0x00000000a7200000)
 Metaspace       used 88248K, capacity 92005K, committed 92072K, reserved 1130496K
  class space    used 11219K, capacity 11890K, committed 11952K, reserved 1048576K
}

